loading annotations into memory...
Done (t=0.35s)
creating index...
index created!
Loading and preparing results...
DONE (t=2.33s)
creating index...
index created!
Running per image evaluation...
Evaluate annotation type *keypoints*
DONE (t=6.88s).
Accumulating evaluation results...
DONE (t=0.28s).
 Average Precision  (AP) @[ IoU=0.50:0.95 | area=   all | maxDets= 20 ] = 0.491
 Average Precision  (AP) @[ IoU=0.50      | area=   all | maxDets= 20 ] = 0.834
 Average Precision  (AP) @[ IoU=0.75      | area=   all | maxDets= 20 ] = 0.522
 Average Precision  (AP) @[ IoU=0.50:0.95 | area=medium | maxDets= 20 ] = 0.385
 Average Precision  (AP) @[ IoU=0.50:0.95 | area= large | maxDets= 20 ] = 0.630
 Average Recall     (AR) @[ IoU=0.50:0.95 | area=   all | maxDets= 20 ] = 0.591
 Average Recall     (AR) @[ IoU=0.50      | area=   all | maxDets= 20 ] = 0.891
 Average Recall     (AR) @[ IoU=0.75      | area=   all | maxDets= 20 ] = 0.650
 Average Recall     (AR) @[ IoU=0.50:0.95 | area=medium | maxDets= 20 ] = 0.489
 Average Recall     (AR) @[ IoU=0.50:0.95 | area= large | maxDets= 20 ] = 0.730
