Test Loss:  0.38,  Test Acc: 89.24%
Precision, Recall and F1-Score...
               precision    recall  f1-score   support

      finance     0.8760    0.8900    0.8829      1000
       realty     0.8857    0.9399    0.9120       981
       stocks     0.8711    0.7954    0.8315       909
    education     0.9407    0.9510    0.9458      1000
      science     0.7455    0.8582    0.7979       959
      society     0.9315    0.9062    0.9187       960
     politics     0.8748    0.8899    0.8823       754
       sports     0.9879    0.9697    0.9787       924
         game     0.9116    0.8040    0.8544      1000
entertainment     0.9206    0.9160    0.9183      1000

     accuracy                         0.8924      9487
    macro avg     0.8945    0.8920    0.8922      9487
 weighted avg     0.8950    0.8924    0.8927      9487

Confusion Matrix...
[[890  26  42   6  18   4   7   1   3   3]
 [ 18 922   9   1   5  10   3   2   4   7]
 [ 69  37 723   1  33   1  28   1  11   5]
 [  3   4   0 951  11   8   5   1   5  12]
 [ 11  11  29   8 823   9  21   0  24  23]
 [  3  20   2  20  11 870  18   0   5  11]
 [ 11   9  11   7  16  23 671   0   2   4]
 [  1   3   1   3   3   1   6 896   0  10]
 [  5   4   9   3 165   2   2   2 804   4]
 [  5   5   4  11  19   6   6   4  24 916]]
Time usage: 0:17:23
